[2020-09-10T09:07:02.821] [INFO] logConsole -  GET - / - {} 
[2020-09-10T09:08:48.749] [INFO] logConsole -  GET - /socket.io/?EIO=3&transport=polling&t=NHrZjFf - {"EIO":"3","transport":"polling","t":"NHrZjFf"} 
[2020-09-10T09:08:49.918] [INFO] logConsole -  GET - /socket.io/?EIO=3&transport=polling&t=NHrZjXw - {"EIO":"3","transport":"polling","t":"NHrZjXw"} 
[2020-09-10T09:08:51.303] [INFO] logConsole -  GET - /socket.io/?EIO=3&transport=polling&t=NHrZjta - {"EIO":"3","transport":"polling","t":"NHrZjta"} 
[2020-09-10T09:08:55.605] [INFO] logConsole -  GET - /socket.io/?EIO=3&transport=polling&t=NHrZkwl - {"EIO":"3","transport":"polling","t":"NHrZkwl"} 
[2020-09-10T09:09:00.633] [INFO] logConsole -  GET - /socket.io/?EIO=3&transport=polling&t=NHrZm9G - {"EIO":"3","transport":"polling","t":"NHrZm9G"} 
[2020-09-10T09:09:05.640] [INFO] logConsole -  GET - /socket.io/?EIO=3&transport=polling&t=NHrZnNb - {"EIO":"3","transport":"polling","t":"NHrZnNb"} 
[2020-09-10T09:09:10.649] [INFO] logConsole -  GET - /socket.io/?EIO=3&transport=polling&t=NHrZobs - {"EIO":"3","transport":"polling","t":"NHrZobs"} 
[2020-09-10T09:09:15.657] [INFO] logConsole -  GET - /socket.io/?EIO=3&transport=polling&t=NHrZpq7 - {"EIO":"3","transport":"polling","t":"NHrZpq7"} 
[2020-09-10T09:09:20.665] [INFO] logConsole -  GET - /socket.io/?EIO=3&transport=polling&t=NHrZr2N - {"EIO":"3","transport":"polling","t":"NHrZr2N"} 
[2020-09-10T09:09:25.673] [INFO] logConsole -  GET - /socket.io/?EIO=3&transport=polling&t=NHrZsGb - {"EIO":"3","transport":"polling","t":"NHrZsGb"} 
[2020-09-10T09:09:30.680] [INFO] logConsole -  GET - /socket.io/?EIO=3&transport=polling&t=NHrZtUs - {"EIO":"3","transport":"polling","t":"NHrZtUs"} 
[2020-09-10T09:09:35.688] [INFO] logConsole -  GET - /socket.io/?EIO=3&transport=polling&t=NHrZuj4 - {"EIO":"3","transport":"polling","t":"NHrZuj4"} 
[2020-09-10T09:09:40.697] [INFO] logConsole -  GET - /socket.io/?EIO=3&transport=polling&t=NHrZvxN - {"EIO":"3","transport":"polling","t":"NHrZvxN"} 
[2020-09-10T09:09:45.704] [INFO] logConsole -  GET - /socket.io/?EIO=3&transport=polling&t=NHrZx9b - {"EIO":"3","transport":"polling","t":"NHrZx9b"} 
[2020-09-10T09:09:50.711] [INFO] logConsole -  GET - /socket.io/?EIO=3&transport=polling&t=NHrZyNr - {"EIO":"3","transport":"polling","t":"NHrZyNr"} 
[2020-09-10T09:09:55.730] [INFO] logConsole -  GET - /socket.io/?EIO=3&transport=polling&t=NHrZzc4 - {"EIO":"3","transport":"polling","t":"NHrZzc4"} 
[2020-09-10T09:10:00.739] [INFO] logConsole -  GET - /socket.io/?EIO=3&transport=polling&t=NHrZ-qW - {"EIO":"3","transport":"polling","t":"NHrZ-qW"} 
[2020-09-10T09:10:05.747] [INFO] logConsole -  GET - /socket.io/?EIO=3&transport=polling&t=NHra02m - {"EIO":"3","transport":"polling","t":"NHra02m"} 
[2020-09-10T09:10:10.754] [INFO] logConsole -  GET - /socket.io/?EIO=3&transport=polling&t=NHra1G_ - {"EIO":"3","transport":"polling","t":"NHra1G_"} 
[2020-09-10T09:10:15.761] [INFO] logConsole -  GET - /socket.io/?EIO=3&transport=polling&t=NHra2VF - {"EIO":"3","transport":"polling","t":"NHra2VF"} 
[2020-09-10T09:10:20.770] [INFO] logConsole -  GET - /socket.io/?EIO=3&transport=polling&t=NHra3jV - {"EIO":"3","transport":"polling","t":"NHra3jV"} 
[2020-09-10T09:10:27.294] [INFO] logConsole -  GET - /socket.io/?EIO=3&transport=polling&t=NHra4xl - {"EIO":"3","transport":"polling","t":"NHra4xl"} 
[2020-09-10T09:10:32.312] [INFO] logConsole -  GET - /socket.io/?EIO=3&transport=polling&t=NHra6Xq - {"EIO":"3","transport":"polling","t":"NHra6Xq"} 
[2020-09-10T09:10:37.559] [INFO] logConsole -  GET - /socket.io/?EIO=3&transport=polling&t=NHra7pn - {"EIO":"3","transport":"polling","t":"NHra7pn"} 
[2020-09-10T09:10:40.058] [INFO] logConsole -  GET - / - {} 
[2020-09-10T09:10:40.083] [INFO] logConsole -  GET - /socket.io.js - {} 
[2020-09-10T09:10:40.108] [INFO] logConsole -  GET - /socket.io.js.map - {} 
[2020-09-10T09:10:44.556] [INFO] logConsole -  GET - /socket.io/?EIO=3&transport=polling&t=NHra9X9 - {"EIO":"3","transport":"polling","t":"NHra9X9"} 
[2020-09-10T09:10:51.557] [INFO] logConsole -  GET - /socket.io/?EIO=3&transport=polling&t=NHraBEY - {"EIO":"3","transport":"polling","t":"NHraBEY"} 
[2020-09-10T09:10:58.557] [INFO] logConsole -  GET - /socket.io/?EIO=3&transport=polling&t=NHraCxw - {"EIO":"3","transport":"polling","t":"NHraCxw"} 
[2020-09-10T09:11:05.556] [INFO] logConsole -  GET - /socket.io/?EIO=3&transport=polling&t=NHraEfH - {"EIO":"3","transport":"polling","t":"NHraEfH"} 
[2020-09-10T09:11:12.557] [INFO] logConsole -  GET - /socket.io/?EIO=3&transport=polling&t=NHraGMg - {"EIO":"3","transport":"polling","t":"NHraGMg"} 
[2020-09-10T09:11:19.557] [INFO] logConsole -  GET - /socket.io/?EIO=3&transport=polling&t=NHraI41 - {"EIO":"3","transport":"polling","t":"NHraI41"} 
[2020-09-10T09:11:26.557] [INFO] logConsole -  GET - /socket.io/?EIO=3&transport=polling&t=NHraJnQ - {"EIO":"3","transport":"polling","t":"NHraJnQ"} 
[2020-09-10T09:11:33.557] [INFO] logConsole -  GET - /socket.io/?EIO=3&transport=polling&t=NHraLUo - {"EIO":"3","transport":"polling","t":"NHraLUo"} 
[2020-09-10T09:11:40.557] [INFO] logConsole -  GET - /socket.io/?EIO=3&transport=polling&t=NHraNCA - {"EIO":"3","transport":"polling","t":"NHraNCA"} 
[2020-09-10T09:11:47.556] [INFO] logConsole -  GET - /socket.io/?EIO=3&transport=polling&t=NHraOvX - {"EIO":"3","transport":"polling","t":"NHraOvX"} 
[2020-09-10T09:11:54.558] [INFO] logConsole -  GET - /socket.io/?EIO=3&transport=polling&t=NHraQcw - {"EIO":"3","transport":"polling","t":"NHraQcw"} 
[2020-09-10T09:12:01.557] [INFO] logConsole -  GET - /socket.io/?EIO=3&transport=polling&t=NHraSKH - {"EIO":"3","transport":"polling","t":"NHraSKH"} 
[2020-09-10T09:12:08.557] [INFO] logConsole -  GET - /socket.io/?EIO=3&transport=polling&t=NHraU1g - {"EIO":"3","transport":"polling","t":"NHraU1g"} 
[2020-09-10T09:12:15.556] [INFO] logConsole -  GET - /socket.io/?EIO=3&transport=polling&t=NHraVl1 - {"EIO":"3","transport":"polling","t":"NHraVl1"} 
[2020-09-10T09:12:22.556] [INFO] logConsole -  GET - /socket.io/?EIO=3&transport=polling&t=NHraXSQ - {"EIO":"3","transport":"polling","t":"NHraXSQ"} 
[2020-09-10T09:12:29.556] [INFO] logConsole -  GET - /socket.io/?EIO=3&transport=polling&t=NHraZ9n - {"EIO":"3","transport":"polling","t":"NHraZ9n"} 
[2020-09-10T09:12:36.556] [INFO] logConsole -  GET - /socket.io/?EIO=3&transport=polling&t=NHraat9 - {"EIO":"3","transport":"polling","t":"NHraat9"} 
[2020-09-10T09:12:43.556] [INFO] logConsole -  GET - /socket.io/?EIO=3&transport=polling&t=NHracaX - {"EIO":"3","transport":"polling","t":"NHracaX"} 
[2020-09-10T09:12:50.576] [INFO] logConsole -  GET - /socket.io/?EIO=3&transport=polling&t=NHraeHv - {"EIO":"3","transport":"polling","t":"NHraeHv"} 
[2020-09-10T09:12:57.561] [INFO] logConsole -  GET - /socket.io/?EIO=3&transport=polling&t=NHraf_H - {"EIO":"3","transport":"polling","t":"NHraf_H"} 
[2020-09-10T09:15:49.561] [INFO] logConsole -  GET - /socket.io/?EIO=3&transport=polling&t=NHrbJ-n - {"EIO":"3","transport":"polling","t":"NHrbJ-n"} 
[2020-09-10T09:15:56.556] [INFO] logConsole -  GET - /socket.io/?EIO=3&transport=polling&t=NHrbLi9 - {"EIO":"3","transport":"polling","t":"NHrbLi9"} 
[2020-09-10T09:16:03.559] [INFO] logConsole -  GET - /socket.io/?EIO=3&transport=polling&t=NHrbNPX - {"EIO":"3","transport":"polling","t":"NHrbNPX"} 
[2020-09-10T09:16:10.555] [INFO] logConsole -  GET - /socket.io/?EIO=3&transport=polling&t=NHrbP6v - {"EIO":"3","transport":"polling","t":"NHrbP6v"} 
[2020-09-10T09:16:17.557] [INFO] logConsole -  GET - /socket.io/?EIO=3&transport=polling&t=NHrbQqH - {"EIO":"3","transport":"polling","t":"NHrbQqH"} 
[2020-09-10T09:16:24.558] [INFO] logConsole -  GET - /socket.io/?EIO=3&transport=polling&t=NHrbSXg - {"EIO":"3","transport":"polling","t":"NHrbSXg"} 
[2020-09-10T09:16:31.558] [INFO] logConsole -  GET - /socket.io/?EIO=3&transport=polling&t=NHrbUF2 - {"EIO":"3","transport":"polling","t":"NHrbUF2"} 
[2020-09-10T09:16:41.512] [INFO] logConsole -  GET - / - {} 
[2020-09-10T09:16:41.623] [INFO] logConsole -  GET - /socket.io.js.map - {} 
[2020-09-10T09:17:10.633] [INFO] logConsole -  GET - / - {} 
[2020-09-10T09:17:11.100] [INFO] logConsole -  GET - /socket.io.js.map - {} 
[2020-09-10T09:17:24.047] [INFO] logConsole -  GET - / - {} 
[2020-09-10T09:17:24.078] [INFO] logConsole -  GET - /socket.io.js.map - {} 
[2020-09-10T09:23:17.272] [INFO] logConsole -  GET - /api/getCode?cName=threedTags - {"cName":"threedTags"} 
[2020-09-10T09:23:18.564] [INFO] logConsole -  POST - /api/login - {"userName":"小汪同学","password":"123"} 
[2020-09-10T09:23:18.939] [INFO] logConsole -  GET - /api/getCode?cName=threedTags - {"cName":"threedTags"} 
[2020-09-10T09:26:04.928] [INFO] logConsole -  GET - /api/getEcharts?pageNum=1&pageSize=100 - {"pageNum":"1","pageSize":"100"} 
[2020-09-10T09:33:32.939] [INFO] logConsole -  GET - /api/getEcharts?pageNum=1&pageSize=100 - {"pageNum":"1","pageSize":"100"} 
[2020-09-10T09:33:33.741] [INFO] logConsole -  GET - /api/getCode?cName=hyTransitionList - {"cName":"hyTransitionList"} 
[2020-09-10T09:33:34.710] [INFO] logConsole -  GET - /api/getCode?cName=threedTags - {"cName":"threedTags"} 
[2020-09-10T09:33:35.739] [INFO] logConsole -  GET - /api/getCode?uName=observerDOM - {"uName":"observerDOM"} 
[2020-09-10T09:33:39.500] [INFO] logConsole -  GET - /api/getCode?uName=divEdit - {"uName":"divEdit"} 
[2020-09-10T09:33:43.581] [INFO] logConsole -  GET - /api/getEcharts?pageNum=1&pageSize=100 - {"pageNum":"1","pageSize":"100"} 
[2020-09-10T09:35:59.262] [INFO] logConsole -  GET - /api/getCode?cName=threedTags - {"cName":"threedTags"} 
[2020-09-10T09:37:49.294] [INFO] logConsole -  POST - /api/login - {"userName":"小汪同学","password":"123"} 
[2020-09-10T09:38:52.207] [INFO] logConsole -  POST - /api/login - {"userName":"小汪同学","password":"123"} 
[2020-09-10T09:40:16.607] [INFO] logConsole -  GET - /api/getCode?cName=threedTags - {"cName":"threedTags"} 
[2020-09-10T10:15:16.906] [INFO] logConsole -  GET - /api/getEcharts?pageNum=1&pageSize=100 - {"pageNum":"1","pageSize":"100"} 
[2020-09-10T10:15:20.010] [INFO] logConsole -  GET - /api/getEcharts?pageNum=1&pageSize=100 - {"pageNum":"1","pageSize":"100"} 
